生成启动时间为 2021/4/13 14:34:43。
     1>项目“G:\桌面\c语言含数据结构考研实验\c语言含数据结构考研实验\c语言含数据结构考研实验.vcxproj”在节点 2 上(Build 个目标)。
     1>ClCompile:
         D:\Program Files (x86)\新建文件夹\VC\bin\CL.exe /c /ZI /nologo /W3 /WX- /Od /Oy- /D WIN32 /D _DEBUG /D _CONSOLE /D _UNICODE /D UNICODE /Gm /EHsc /RTC1 /MDd /GS /fp:precise /Zc:wchar_t /Zc:forScope /Fo"Debug\\" /Fd"Debug\vc110.pdb" /Gd /TP /analyze- /errorReport:prompt "考研实验.cpp"
         考研实验.cpp
     1>g:\桌面\c语言含数据结构考研实验\c语言含数据结构考研实验\考研实验.cpp(9): warning C4091: “typedef ”: 没有声明变量时忽略“WordStatistics”的左侧
     1>g:\桌面\c语言含数据结构考研实验\c语言含数据结构考研实验\考研实验.cpp(115): warning C4996: 'scanf': This function or variable may be unsafe. Consider using scanf_s instead. To disable deprecation, use _CRT_SECURE_NO_WARNINGS. See online help for details.
                 d:\program files (x86)\新建文件夹\vc\include\stdio.h(290) : 参见“scanf”的声明
     1>g:\桌面\c语言含数据结构考研实验\c语言含数据结构考研实验\考研实验.cpp(122): warning C4996: 'gets': This function or variable may be unsafe. Consider using gets_s instead. To disable deprecation, use _CRT_SECURE_NO_WARNINGS. See online help for details.
                 d:\program files (x86)\新建文件夹\vc\include\stdio.h(261) : 参见“gets”的声明
     1>g:\桌面\c语言含数据结构考研实验\c语言含数据结构考研实验\考研实验.cpp(129): warning C4996: 'gets': This function or variable may be unsafe. Consider using gets_s instead. To disable deprecation, use _CRT_SECURE_NO_WARNINGS. See online help for details.
                 d:\program files (x86)\新建文件夹\vc\include\stdio.h(261) : 参见“gets”的声明
     1>g:\桌面\c语言含数据结构考研实验\c语言含数据结构考研实验\考研实验.cpp(135): warning C4996: 'gets': This function or variable may be unsafe. Consider using gets_s instead. To disable deprecation, use _CRT_SECURE_NO_WARNINGS. See online help for details.
                 d:\program files (x86)\新建文件夹\vc\include\stdio.h(261) : 参见“gets”的声明
       Link:
         D:\Program Files (x86)\新建文件夹\VC\bin\link.exe /ERRORREPORT:PROMPT /OUT:"G:\桌面\c语言含数据结构考研实验\Debug\c语言含数据结构考研实验.exe" /INCREMENTAL /NOLOGO kernel32.lib user32.lib gdi32.lib winspool.lib comdlg32.lib advapi32.lib shell32.lib ole32.lib oleaut32.lib uuid.lib odbc32.lib odbccp32.lib /MANIFEST /MANIFESTUAC:"level='asInvoker' uiAccess='false'" /manifest:embed /DEBUG /PDB:"G:\桌面\c语言含数据结构考研实验\Debug\c语言含数据结构考研实验.pdb" /SUBSYSTEM:CONSOLE /TLBID:1 /DYNAMICBASE /NXCOMPAT /IMPLIB:"G:\桌面\c语言含数据结构考研实验\Debug\c语言含数据结构考研实验.lib" /MACHINE:X86 "Debug\考研实验.obj"
         c语言含数据结构考研实验.vcxproj -> G:\桌面\c语言含数据结构考研实验\Debug\c语言含数据结构考研实验.exe
     1>已完成生成项目“G:\桌面\c语言含数据结构考研实验\c语言含数据结构考研实验\c语言含数据结构考研实验.vcxproj”(Build 个目标)的操作。

生成成功。

已用时间 00:00:01.24
